(0000) 3000  0011000000000000 (   1)                 .ORIG x3000
(3000) 0000  0000000000000000 (   3) STACK           .FILL x0000
(3001) EDFE  1110110111111110 (   3)                 LEA   R6 STACK
(3002) 228F  0010001010001111 (   5)                 LD    R1 loca
(3003) 647E  0110010001111110 (   6)                 LDR   R2 R1 #-2
(3004) 3490  0011010010010000 (   7)                 ST    R2 row
(3005) 6A7F  0110101001111111 (   9)                 LDR   R5 R1 #-1
(3006) 3A8C  0011101010001100 (  10)                 ST    R5 colunm
(3007) 5920  0101100100100000 (  12)                 AND   R4 R4 #0
(3008) 1944  0001100101000100 (  13) mul             ADD   R4 R5 R4
(3009) 14BF  0001010010111111 (  14)                 ADD   R2 R2 #-1
(300A) 03FD  0000001111111101 (  15)                 BRP   mul
(300B) 993F  1001100100111111 (  16)                 NOT   R4 R4
(300C) 1921  0001100100100001 (  17)                 ADD   R4 R4 #1
(300D) 3888  0011100010001000 (  18)                 ST    R4 dend
(300E) 977F  1001011101111111 (  20)                 NOT   R3 R5
(300F) 16E1  0001011011100001 (  21)                 ADD   R3 R3 #1
(3010) 3683  0011011010000011 (  22)                 ST    R3 dcolunm
(3011) 5B60  0101101101100000 (  24)                 AND   R5 R5 #0
(3012) 56E0  0101011011100000 (  26)                 AND   R3 R3 #0
(3013) 2083  0010000010000011 (  27) loop            LD    R0 savesh
(3014) 480D  0100100000001101 (  28)                 JSR   fun
(3015) 486E  0100100001101110 (  29)                 JSR   max
(3016) 2080  0010000010000000 (  30)                 LD    R0 savesh
(3017) 1021  0001000000100001 (  31)                 ADD   R0 R0 #1
(3018) 1B61  0001101101100001 (  32)                 ADD   R5 R5 #1
(3019) 227A  0010001001111010 (  33)                 LD    R1 dcolunm
(301A) 1341  0001001101000001 (  34)                 ADD   R1 R5 R1
(301B) 0A01  0000101000000001 (  35)                 BRNP  nzeror5
(301C) 5B60  0101101101100000 (  36)                 AND   R5 R5 #0
(301D) 3079  0011000001111001 (  37) nzeror5         ST    R0 savesh
(301E) 1300  0001001100000000 (  38)                 ADD   R1 R4 R0
(301F) 09F3  0000100111110011 (  39)                 BRN   loop
(3020) 14E0  0001010011100000 (  41)                 ADD   R2 R3 #0
(3021) F025  1111000000100101 (  42)                 TRAP  x25
(3022) 7F80  0111111110000000 (  46) fun             STR   R7 R6 #0
(3023) 1DBF  0001110110111111 (  47)                 ADD   R6 R6 #-1
(3024) 7380  0111001110000000 (  48)                 STR   R1 R6 #0
(3025) 1DBF  0001110110111111 (  49)                 ADD   R6 R6 #-1
(3026) 7580  0111010110000000 (  50)                 STR   R2 R6 #0
(3027) 1DBF  0001110110111111 (  51)                 ADD   R6 R6 #-1
(3028) 7780  0111011110000000 (  52)                 STR   R3 R6 #0
(3029) 1DBF  0001110110111111 (  53)                 ADD   R6 R6 #-1
(302A) 7980  0111100110000000 (  54)                 STR   R4 R6 #0
(302B) 1DBF  0001110110111111 (  55)                 ADD   R6 R6 #-1
(302C) E26B  1110001001101011 (  57)                 LEA   R1 matrix
(302D) 1240  0001001001000000 (  58)                 ADD   R1 R1 R0
(302E) 6240  0110001001000000 (  59)                 LDR   R1 R1 #0
(302F) 0C02  0000110000000010 (  60)                 BRNZ  prepare
(3030) 1060  0001000001100000 (  61)                 ADD   R0 R1 #0
(3031) 0E47  0000111001000111 (  62)                 BRNZP done
(3032) 245F  0010010001011111 (  64) prepare         LD    R2 loca
(3033) 1480  0001010010000000 (  65)                 ADD   R2 R2 R0
(3034) 6480  0110010010000000 (  66)                 LDR   R2 R2 #0
(3035) 92BF  1001001010111111 (  67)                 NOT   R1 R2
(3036) 1861  0001100001100001 (  68)                 ADD   R4 R1 #1
(3037) 56E0  0101011011100000 (  70)                 AND   R3 R3 #0
(3038) 225B  0010001001011011 (  72) up              LD    R1 dcolunm
(3039) 1240  0001001001000000 (  73)                 ADD   R1 R1 R0
(303A) 080A  0000100000001010 (  74)                 BRN   down
(303B) 4852  0100100001010010 (  75)                 JSR   geth
(303C) 1502  0001010100000010 (  76)                 ADD   R2 R4 R2
(303D) 0607  0000011000000111 (  77)                 BRZP  down
(303E) 7180  0111000110000000 (  79)                 STR   R0 R6 #0
(303F) 1DBF  0001110110111111 (  80)                 ADD   R6 R6 #-1
(3040) 1060  0001000001100000 (  82)                 ADD   R0 R1 #0
(3041) 4FE0  0100111111100000 (  83)                 JSR   fun
(3042) 4841  0100100001000001 (  84)                 JSR   max
(3043) 6181  0110000110000001 (  86)                 LDR   R0 R6 #1
(3044) 1DA1  0001110110100001 (  87)                 ADD   R6 R6 #1
(3045) 224D  0010001001001101 (  89) down            LD    R1 colunm
(3046) 1240  0001001001000000 (  90)                 ADD   R1 R1 R0
(3047) 244E  0010010001001110 (  91)                 LD    R2 dend
(3048) 1442  0001010001000010 (  92)                 ADD   R2 R1 R2
(3049) 060A  0000011000001010 (  93)                 BRZP  left
(304A) 4843  0100100001000011 (  94)                 JSR   geth
(304B) 1502  0001010100000010 (  95)                 ADD   R2 R4 R2
(304C) 0607  0000011000000111 (  96)                 BRZP  left
(304D) 7180  0111000110000000 (  98)                 STR   R0 R6 #0
(304E) 1DBF  0001110110111111 (  99)                 ADD   R6 R6 #-1
(304F) 1060  0001000001100000 ( 101)                 ADD   R0 R1 #0
(3050) 4FD1  0100111111010001 ( 102)                 JSR   fun
(3051) 4832  0100100000110010 ( 103)                 JSR   max
(3052) 6181  0110000110000001 ( 105)                 LDR   R0 R6 #1
(3053) 1DA1  0001110110100001 ( 106)                 ADD   R6 R6 #1
(3054) 1B60  0001101101100000 ( 108) left            ADD   R5 R5 #0
(3055) 040D  0000010000001101 ( 109)                 BRZ   right
(3056) 123F  0001001000111111 ( 110)                 ADD   R1 R0 #-1
(3057) 4836  0100100000110110 ( 111)                 JSR   geth
(3058) 1502  0001010100000010 ( 112)                 ADD   R2 R4 R2
(3059) 0609  0000011000001001 ( 113)                 BRZP  right
(305A) 7180  0111000110000000 ( 115)                 STR   R0 R6 #0
(305B) 1DBF  0001110110111111 ( 116)                 ADD   R6 R6 #-1
(305C) 1B7F  0001101101111111 ( 117)                 ADD   R5 R5 #-1
(305D) 1060  0001000001100000 ( 118)                 ADD   R0 R1 #0
(305E) 4FC3  0100111111000011 ( 119)                 JSR   fun
(305F) 4824  0100100000100100 ( 120)                 JSR   max
(3060) 1B61  0001101101100001 ( 121)                 ADD   R5 R5 #1
(3061) 6181  0110000110000001 ( 122)                 LDR   R0 R6 #1
(3062) 1DA1  0001110110100001 ( 123)                 ADD   R6 R6 #1
(3063) 2230  0010001000110000 ( 125) right           LD    R1 dcolunm
(3064) 1341  0001001101000001 ( 126)                 ADD   R1 R5 R1
(3065) 1261  0001001001100001 ( 127)                 ADD   R1 R1 #1
(3066) 040D  0000010000001101 ( 128)                 BRZ   store1
(3067) 1221  0001001000100001 ( 129)                 ADD   R1 R0 #1
(3068) 4825  0100100000100101 ( 130)                 JSR   geth
(3069) 1502  0001010100000010 ( 131)                 ADD   R2 R4 R2
(306A) 0609  0000011000001001 ( 132)                 BRZP  store1
(306B) 7180  0111000110000000 ( 134)                 STR   R0 R6 #0
(306C) 1DBF  0001110110111111 ( 135)                 ADD   R6 R6 #-1
(306D) 1B61  0001101101100001 ( 136)                 ADD   R5 R5 #1
(306E) 1060  0001000001100000 ( 137)                 ADD   R0 R1 #0
(306F) 4FB2  0100111110110010 ( 138)                 JSR   fun
(3070) 4813  0100100000010011 ( 139)                 JSR   max
(3071) 1B7F  0001101101111111 ( 140)                 ADD   R5 R5 #-1
(3072) 6181  0110000110000001 ( 141)                 LDR   R0 R6 #1
(3073) 1DA1  0001110110100001 ( 142)                 ADD   R6 R6 #1
(3074) E223  1110001000100011 ( 145) store1          LEA   R1 matrix
(3075) 1240  0001001001000000 ( 146)                 ADD   R1 R1 R0
(3076) 16E1  0001011011100001 ( 147)                 ADD   R3 R3 #1
(3077) 7640  0111011001000000 ( 148)                 STR   R3 R1 #0
(3078) 10E0  0001000011100000 ( 149)                 ADD   R0 R3 #0
(3079) 6981  0110100110000001 ( 150) done            LDR   R4 R6 #1
(307A) 1DA1  0001110110100001 ( 151)                 ADD   R6 R6 #1
(307B) 6781  0110011110000001 ( 152)                 LDR   R3 R6 #1
(307C) 1DA1  0001110110100001 ( 153)                 ADD   R6 R6 #1
(307D) 6581  0110010110000001 ( 154)                 LDR   R2 R6 #1
(307E) 1DA1  0001110110100001 ( 155)                 ADD   R6 R6 #1
(307F) 6381  0110001110000001 ( 156)                 LDR   R1 R6 #1
(3080) 1DA1  0001110110100001 ( 157)                 ADD   R6 R6 #1
(3081) 6F81  0110111110000001 ( 158)                 LDR   R7 R6 #1
(3082) 1DA1  0001110110100001 ( 159)                 ADD   R6 R6 #1
(3083) C1C0  1100000111000000 ( 160)                 RET   
(3084) 7580  0111010110000000 ( 165) max             STR   R2 R6 #0
(3085) 1DBF  0001110110111111 ( 166)                 ADD   R6 R6 #-1
(3086) 94FF  1001010011111111 ( 167)                 NOT   R2 R3
(3087) 14A1  0001010010100001 ( 168)                 ADD   R2 R2 #1
(3088) 1402  0001010000000010 ( 169)                 ADD   R2 R0 R2
(3089) 0C01  0000110000000001 ( 170)                 BRNZ  r3w
(308A) 1620  0001011000100000 ( 171)                 ADD   R3 R0 #0
(308B) 6581  0110010110000001 ( 172) r3w             LDR   R2 R6 #1
(308C) 1DA1  0001110110100001 ( 173)                 ADD   R6 R6 #1
(308D) C1C0  1100000111000000 ( 174)                 RET   
(308E) 2403  0010010000000011 ( 178) geth            LD    R2 loca
(308F) 1481  0001010010000001 ( 179)                 ADD   R2 R2 R1
(3090) 6480  0110010010000000 ( 180)                 LDR   R2 R2 #0
(3091) C1C0  1100000111000000 ( 181)                 RET   
(3092) 3202  0011001000000010 ( 183) loca            .FILL x3202
(3093) 0000  0000000000000000 ( 184) colunm          .FILL x0000
(3094) 0000  0000000000000000 ( 185) dcolunm         .FILL x0000
(3095) 0000  0000000000000000 ( 186) row             .FILL x0000
(3096) 0000  0000000000000000 ( 187) dend            .FILL x0000
(3097) 0000  0000000000000000 ( 188) savesh          .FILL x0000
(3098) 0000  0000000000000000 ( 191) matrix          .FILL x0000
(3099) 0000  0000000000000000 ( 191)                 .FILL x0000
(309A) 0000  0000000000000000 ( 191)                 .FILL x0000
(309B) 0000  0000000000000000 ( 191)                 .FILL x0000
(309C) 0000  0000000000000000 ( 191)                 .FILL x0000
(309D) 0000  0000000000000000 ( 191)                 .FILL x0000
(309E) 0000  0000000000000000 ( 191)                 .FILL x0000
(309F) 0000  0000000000000000 ( 191)                 .FILL x0000
(30A0) 0000  0000000000000000 ( 191)                 .FILL x0000
(30A1) 0000  0000000000000000 ( 191)                 .FILL x0000
(30A2) 0000  0000000000000000 ( 191)                 .FILL x0000
(30A3) 0000  0000000000000000 ( 191)                 .FILL x0000
(30A4) 0000  0000000000000000 ( 191)                 .FILL x0000
(30A5) 0000  0000000000000000 ( 191)                 .FILL x0000
(30A6) 0000  0000000000000000 ( 191)                 .FILL x0000
(30A7) 0000  0000000000000000 ( 191)                 .FILL x0000
(30A8) 0000  0000000000000000 ( 191)                 .FILL x0000
(30A9) 0000  0000000000000000 ( 191)                 .FILL x0000
(30AA) 0000  0000000000000000 ( 191)                 .FILL x0000
(30AB) 0000  0000000000000000 ( 191)                 .FILL x0000
(30AC) 0000  0000000000000000 ( 191)                 .FILL x0000
(30AD) 0000  0000000000000000 ( 191)                 .FILL x0000
(30AE) 0000  0000000000000000 ( 191)                 .FILL x0000
(30AF) 0000  0000000000000000 ( 191)                 .FILL x0000
(30B0) 0000  0000000000000000 ( 191)                 .FILL x0000
(30B1) 0000  0000000000000000 ( 191)                 .FILL x0000
(30B2) 0000  0000000000000000 ( 191)                 .FILL x0000
(30B3) 0000  0000000000000000 ( 191)                 .FILL x0000
(30B4) 0000  0000000000000000 ( 191)                 .FILL x0000
(30B5) 0000  0000000000000000 ( 191)                 .FILL x0000
(30B6) 0000  0000000000000000 ( 191)                 .FILL x0000
(30B7) 0000  0000000000000000 ( 191)                 .FILL x0000
(30B8) 0000  0000000000000000 ( 191)                 .FILL x0000
(30B9) 0000  0000000000000000 ( 191)                 .FILL x0000
(30BA) 0000  0000000000000000 ( 191)                 .FILL x0000
(30BB) 0000  0000000000000000 ( 191)                 .FILL x0000
(30BC) 0000  0000000000000000 ( 191)                 .FILL x0000
(30BD) 0000  0000000000000000 ( 191)                 .FILL x0000
(30BE) 0000  0000000000000000 ( 191)                 .FILL x0000
(30BF) 0000  0000000000000000 ( 191)                 .FILL x0000
(30C0) 0000  0000000000000000 ( 191)                 .FILL x0000
(30C1) 0000  0000000000000000 ( 191)                 .FILL x0000
(30C2) 0000  0000000000000000 ( 191)                 .FILL x0000
(30C3) 0000  0000000000000000 ( 191)                 .FILL x0000
(30C4) 0000  0000000000000000 ( 191)                 .FILL x0000
(30C5) 0000  0000000000000000 ( 191)                 .FILL x0000
(30C6) 0000  0000000000000000 ( 191)                 .FILL x0000
(30C7) 0000  0000000000000000 ( 191)                 .FILL x0000
(30C8) 0000  0000000000000000 ( 191)                 .FILL x0000
(30C9) 0000  0000000000000000 ( 191)                 .FILL x0000
(30CA) 0000  0000000000000000 ( 191)                 .FILL x0000
