(0000) 2000  0010000000000000 (   1)                 .ORIG x2000
(2000) 1A20  0001101000100000 (   2)                 ADD   R5 R0 #0
(2001) 2022  0010000000100010 (   4)                 LD    R0 diffc1
(2002) 1804  0001100000000100 (   5)                 ADD   R4 R0 R4
(2003) 0402  0000010000000010 (   6)                 BRZ   ifc1
(2004) 281D  0010100000011101 (   7)                 LD    R4 char1
(2005) 0E01  0000111000000001 (   8)                 BRNZP chkr0
(2006) 281C  0010100000011100 (   9) ifc1            LD    R4 char2
(2007) 1140  0001000101000000 (  11) chkr0           ADD   R0 R5 R0
(2008) 0403  0000010000000011 (  12)                 BRZ   dr0
(2009) 201B  0010000000011011 (  13)                 LD    R0 diffc2
(200A) 1140  0001000101000000 (  14)                 ADD   R0 R5 R0
(200B) 0A01  0000101000000001 (  15)                 BRNP  ckb
(200C) 1B20  0001101100100000 (  16) dr0             ADD   R5 R4 #0
(200D) A40F  1010010000001111 (  18) ckb             LDI   R2 KBSR
(200E) 07FE  0000011111111110 (  19)                 BRZP  ckb
(200F) A00E  1010000000001110 (  20)                 LDI   R0 KBDR
(2010) 54A0  0101010010100000 (  22)                 AND   R2 R2 #0
(2011) 14AA  0001010010101010 (  23)                 ADD   R2 R2 #10
(2012) A60C  1010011000001100 (  24) loop            LDI   R3 DSR
(2013) 07FE  0000011111111110 (  25)                 BRZP  loop
(2014) B00B  1011000000001011 (  26)                 STI   R0 DDR
(2015) 14BF  0001010010111111 (  27)                 ADD   R2 R2 #-1
(2016) 03FB  0000001111111011 (  28)                 BRP   loop
(2017) 2009  0010000000001001 (  30)                 LD    R0 newline
(2018) A606  1010011000000110 (  31) loop1           LDI   R3 DSR
(2019) 07FE  0000011111111110 (  32)                 BRZP  loop1
(201A) B005  1011000000000101 (  33)                 STI   R0 DDR
(201B) 1160  0001000101100000 (  35)                 ADD   R0 R5 #0
(201C) 8000  1000000000000000 (  37)                 RTI   
(201D) FE00  1111111000000000 (  40) KBSR            .FILL xFE00
(201E) FE02  1111111000000010 (  41) KBDR            .FILL xFE02
(201F) FE04  1111111000000100 (  42) DSR             .FILL xFE04
(2020) FE06  1111111000000110 (  43) DDR             .FILL xFE06
(2021) 000A  0000000000001010 (  45) newline         .FILL x000A
(2022) 0023  0000000000100011 (  46) char1           .FILL x0023
(2023) 002A  0000000000101010 (  47) char2           .FILL x002A
(2024) FFDD  1111111111011101 (  48) diffc1          .FILL xFFDD
(2025) FFD6  1111111111010110 (  49) diffc2          .FILL xFFD6
