(0000) 3000  0011000000000000 (   1)                 .ORIG x3000
(3000) 0000  0000000000000000 (   4) STACK           .FILL x0000
(3001) 2247  0010001001000111 (   4)                 LD    R1 ENTREN
(3002) B245  1011001001000101 (   5)                 STI   R1 IVT
(3003) 223F  0010001000111111 (   7)                 LD    R1 MASK
(3004) B23F  1011001000111111 (   8)                 STI   R1 KBSR
(3005) EDFA  1110110111111010 (  10)                 LEA   R6 STACK
(3006) 283A  0010100000111010 (  12)                 LD    R4 char2
(3007) 5260  0101001001100000 (  15) LOOP            AND   R1 R1 #0
(3008) 1268  0001001001101000 (  16)                 ADD   R1 R1 #8
(3009) 4812  0100100000010010 (  17) line1           JSR   c2s4
(300A) 127F  0001001001111111 (  18)                 ADD   R1 R1 #-1
(300B) 03FD  0000001111111101 (  19)                 BRP   line1
(300C) 2032  0010000000110010 (  20)                 LD    R0 newline
(300D) 4820  0100100000100000 (  21)                 JSR   PUTCHAR
(300E) 4827  0100100000100111 (  22)                 JSR   DELAY
(300F) 2032  0010000000110010 (  24)                 LD    R0 SPACE
(3010) 481D  0100100000011101 (  25)                 JSR   PUTCHAR
(3011) 481C  0100100000011100 (  26)                 JSR   PUTCHAR
(3012) 481B  0100100000011011 (  27)                 JSR   PUTCHAR
(3013) 5260  0101001001100000 (  29)                 AND   R1 R1 #0
(3014) 1267  0001001001100111 (  30)                 ADD   R1 R1 #7
(3015) 4806  0100100000000110 (  31) line2           JSR   c2s4
(3016) 127F  0001001001111111 (  32)                 ADD   R1 R1 #-1
(3017) 03FD  0000001111111101 (  33)                 BRP   line2
(3018) 2026  0010000000100110 (  35)                 LD    R0 newline
(3019) 4814  0100100000010100 (  36)                 JSR   PUTCHAR
(301A) 481B  0100100000011011 (  37)                 JSR   DELAY
(301B) 0FEB  0000111111101011 (  39)                 BRNZP LOOP
(301C) 7380  0111001110000000 (  42) c2s4            STR   R1 R6 #0
(301D) 1DBF  0001110110111111 (  43)                 ADD   R6 R6 #-1
(301E) 7F80  0111111110000000 (  44)                 STR   R7 R6 #0
(301F) 1DBF  0001110110111111 (  45)                 ADD   R6 R6 #-1
(3020) 1120  0001000100100000 (  46)                 ADD   R0 R4 #0
(3021) 480C  0100100000001100 (  47)                 JSR   PUTCHAR
(3022) 1120  0001000100100000 (  48)                 ADD   R0 R4 #0
(3023) 480A  0100100000001010 (  49)                 JSR   PUTCHAR
(3024) 201D  0010000000011101 (  50)                 LD    R0 SPACE
(3025) 4808  0100100000001000 (  51)                 JSR   PUTCHAR
(3026) 4807  0100100000000111 (  52)                 JSR   PUTCHAR
(3027) 4806  0100100000000110 (  53)                 JSR   PUTCHAR
(3028) 4805  0100100000000101 (  54)                 JSR   PUTCHAR
(3029) 6F81  0110111110000001 (  55)                 LDR   R7 R6 #1
(302A) 1DA1  0001110110100001 (  56)                 ADD   R6 R6 #1
(302B) 6381  0110001110000001 (  57)                 LDR   R1 R6 #1
(302C) 1DA1  0001110110100001 (  58)                 ADD   R6 R6 #1
(302D) C1C0  1100000111000000 (  59)                 RET   
(302E) 7380  0111001110000000 (  62) PUTCHAR         STR   R1 R6 #0
(302F) 1DBF  0001110110111111 (  63)                 ADD   R6 R6 #-1
(3030) A215  1010001000010101 (  64) SHOW            LDI   R1 DSR
(3031) 07FE  0000011111111110 (  65)                 BRZP  SHOW
(3032) B014  1011000000010100 (  66)                 STI   R0 DDR
(3033) 6381  0110001110000001 (  67)                 LDR   R1 R6 #1
(3034) 1DA1  0001110110100001 (  68)                 ADD   R6 R6 #1
(3035) C1C0  1100000111000000 (  69)                 RET   
(3036) 7380  0111001110000000 (  72) DELAY           STR   R1 R6 #0
(3037) 1DBF  0001110110111111 (  73)                 ADD   R6 R6 #-1
(3038) 2205  0010001000000101 (  74)                 LD    R1 COUNT
(3039) 127F  0001001001111111 (  75) REP             ADD   R1 R1 #-1
(303A) 03FE  0000001111111110 (  76)                 BRP   REP
(303B) 6381  0110001110000001 (  77)                 LDR   R1 R6 #1
(303C) 1DA1  0001110110100001 (  78)                 ADD   R6 R6 #1
(303D) C1C0  1100000111000000 (  79)                 RET   
(303E) 09C4  0000100111000100 (  81) COUNT           .FILL x09C4
(303F) 000A  0000000000001010 (  83) newline         .FILL x000A
(3040) 0023  0000000000100011 (  84) char1           .FILL x0023
(3041) 002A  0000000000101010 (  85) char2           .FILL x002A
(3042) 0020  0000000000100000 (  86) SPACE           .FILL x0020
(3043) 4000  0100000000000000 (  89) MASK            .FILL x4000
(3044) FE00  1111111000000000 (  90) KBSR            .FILL xFE00
(3045) FE02  1111111000000010 (  91) KBDR            .FILL xFE02
(3046) FE04  1111111000000100 (  92) DSR             .FILL xFE04
(3047) FE06  1111111000000110 (  93) DDR             .FILL xFE06
(3048) 0180  0000000110000000 (  95) IVT             .FILL x0180
(3049) 2000  0010000000000000 (  96) ENTREN          .FILL x2000
